#
# A fatal error has been detected by the Java Runtime Environment:
#
#  EXCEPTION_ACCESS_VIOLATION (0xc0000005) at pc=0x0000000050e64a1b, pid=8340, tid=13732
#
# JRE version: Java(TM) SE Runtime Environment (7.0_79-b15) (build 1.7.0_79-b15)
# Java VM: Java HotSpot(TM) 64-Bit Server VM (24.79-b02 mixed mode windows-amd64 compressed oops)
# Problematic frame:
# V  [jvm.dll+0x144a1b]
#
# Failed to write core dump. Minidumps are not enabled by default on client versions of Windows
#
# If you would like to submit a bug report, please visit:
#   http://bugreport.java.com/bugreport/crash.jsp
#

---------------  T H R E A D  ---------------

Current thread (0x000000000c1cf000):  JavaThread "JDWP Transport Listener: dt_socket" daemon [_thread_in_vm, id=13732, stack(0x000000000cb70000,0x000000000cc70000)]

siginfo: ExceptionCode=0xc0000005, reading address 0x00003b726f00003b

Registers:
RAX=0x000000000cc6f201, RBX=0x000000000c1cf000, RCX=0x00003b726f00003b, RDX=0x0000000000000000
RSP=0x000000000cc6f220, RBP=0x00003b726f00003b, RSI=0x000000000cc6f338, RDI=0x0000000001bd8be0
R8 =0x000000000c1cf000, R9 =0x0000000000000700, R10=0x2f6c6974752f6176, R11=0x0000002a00170021
R12=0x0000000000000000, R13=0x000000000ac16ba8, R14=0x0000000000000000, R15=0x0000000000000000
RIP=0x0000000050e64a1b, EFLAGS=0x0000000000010202

Top of Stack: (sp=0x000000000cc6f220)
0x000000000cc6f220:   000000000c1cf000 0000000000000002
0x000000000cc6f230:   000000000cc6f2e8 0000000051006a59
0x000000000cc6f240:   000000000c1cf000 0000000051024602
0x000000000cc6f250:   000000000000005b 000000006b298e8d
0x000000000cc6f260:   000000000c1d4080 000000006b2a2666
0x000000000cc6f270:   000000000c1cf000 0000000000000000
0x000000000cc6f280:   0000000000000000 0000000000000000
0x000000000cc6f290:   00003b726f00003b 000000006b2a175d
0x000000000cc6f2a0:   000000000cc6f338 000000000cc6f310
0x000000000cc6f2b0:   0000000000000001 000000000c1d4080
0x000000000cc6f2c0:   00003b726f00003b 000000006b2853b3
0x000000000cc6f2d0:   000000000cc6f400 0000000000000001
0x000000000cc6f2e0:   0000000000000001 000000000c1d4080
0x000000000cc6f2f0:   000000000000000a 0000000000000000
0x000000000cc6f300:   0000000000000000 0000000000000000
0x000000000cc6f310:   0000000000000001 000000006b285571 

Instructions: (pc=0x0000000050e64a1b)
0x0000000050e649fb:   48 8b 5c 24 30 48 89 47 18 48 83 c4 20 5f c3 cc
0x0000000050e64a0b:   cc cc cc cc cc 40 53 48 83 ec 20 48 85 c9 74 54
0x0000000050e64a1b:   48 8b 19 48 85 db 74 4c 48 b8 fe fe fe fe fe fe
0x0000000050e64a2b:   fe fe 48 3b d8 74 3d 80 3d 8f 26 61 00 00 74 15 


Register to memory mapping:

RAX=0x000000000cc6f201 is pointing into the stack for thread: 0x000000000c1cf000
RBX=0x000000000c1cf000 is a thread
RCX=0x00003b726f00003b is an unknown value
RDX=0x0000000000000000 is an unknown value
RSP=0x000000000cc6f220 is pointing into the stack for thread: 0x000000000c1cf000
RBP=0x00003b726f00003b is an unknown value
RSI=0x000000000cc6f338 is pointing into the stack for thread: 0x000000000c1cf000
RDI=0x0000000001bd8be0 is an unknown value
R8 =0x000000000c1cf000 is a thread
R9 =0x0000000000000700 is an unknown value
R10=0x2f6c6974752f6176 is an unknown value
R11=0x0000002a00170021 is an unknown value
R12=0x0000000000000000 is an unknown value
R13=0x000000000ac16ba8 is an unknown value
R14=0x0000000000000000 is an unknown value
R15=0x0000000000000000 is an unknown value


Stack: [0x000000000cb70000,0x000000000cc70000],  sp=0x000000000cc6f220,  free space=1020k
Native frames: (J=compiled Java code, j=interpreted, Vv=VM code, C=native code)
V  [jvm.dll+0x144a1b]


---------------  P R O C E S S  ---------------

Java Threads: ( => current thread )
  0x000000000c1f2800 JavaThread "Service Thread" daemon [_thread_blocked, id=13760, stack(0x000000000d450000,0x000000000d550000)]
  0x000000000c1e6000 JavaThread "C2 CompilerThread1" daemon [_thread_blocked, id=13748, stack(0x000000000d2a0000,0x000000000d3a0000)]
  0x000000000c1e4000 JavaThread "C2 CompilerThread0" daemon [_thread_blocked, id=9928, stack(0x000000000d0c0000,0x000000000d1c0000)]
  0x000000000c1d6000 JavaThread "JDWP Command Reader" daemon [_thread_in_native, id=13780, stack(0x000000000ce70000,0x000000000cf70000)]
  0x000000000c1d2800 JavaThread "JDWP Event Helper Thread" daemon [_thread_blocked, id=13720, stack(0x000000000cd10000,0x000000000ce10000)]
=>0x000000000c1cf000 JavaThread "JDWP Transport Listener: dt_socket" daemon [_thread_in_vm, id=13732, stack(0x000000000cb70000,0x000000000cc70000)]
  0x000000000ac1a000 JavaThread "Attach Listener" daemon [_thread_blocked, id=13772, stack(0x000000000c690000,0x000000000c790000)]
  0x000000000ac15000 JavaThread "Signal Dispatcher" daemon [_thread_blocked, id=12284, stack(0x000000000c0c0000,0x000000000c1c0000)]
  0x000000000aba7000 JavaThread "Finalizer" daemon [_thread_blocked, id=13464, stack(0x000000000bf60000,0x000000000c060000)]
  0x000000000ab9f800 JavaThread "Reference Handler" daemon [_thread_blocked, id=13688, stack(0x000000000bde0000,0x000000000bee0000)]
  0x0000000001bde800 JavaThread "main" [_thread_blocked, id=13704, stack(0x0000000002680000,0x0000000002780000)]

Other Threads:
  0x000000000ab9a000 VMThread [stack: 0x000000000bc60000,0x000000000bd60000] [id=13700]
  0x000000000c202000 WatcherThread [stack: 0x000000000d610000,0x000000000d710000] [id=13764]

VM state:not at safepoint (normal execution)

VM Mutex/Monitor currently owned by a thread: None

Heap
 PSYoungGen      total 38400K, used 1997K [0x00000007d5e00000, 0x00000007d8880000, 0x0000000800000000)
  eden space 33280K, 6% used [0x00000007d5e00000,0x00000007d5ff3430,0x00000007d7e80000)
  from space 5120K, 0% used [0x00000007d8380000,0x00000007d8380000,0x00000007d8880000)
  to   space 5120K, 0% used [0x00000007d7e80000,0x00000007d7e80000,0x00000007d8380000)
 ParOldGen       total 86016K, used 0K [0x0000000781a00000, 0x0000000786e00000, 0x00000007d5e00000)
  object space 86016K, 0% used [0x0000000781a00000,0x0000000781a00000,0x0000000786e00000)
 PSPermGen       total 21504K, used 2590K [0x000000077c800000, 0x000000077dd00000, 0x0000000781a00000)
  object space 21504K, 12% used [0x000000077c800000,0x000000077ca87818,0x000000077dd00000)

Card table byte_map: [0x0000000005780000,0x0000000005ba0000] byte_map_base: 0x0000000001b9c000

Polling page: 0x0000000000330000

Code Cache  [0x0000000002780000, 0x00000000029f0000, 0x0000000005780000)
 total_blobs=162 nmethods=0 adapters=138 free_code_cache=48774Kb largest_free_block=49944512

Compilation events (0 events):
No events

GC Heap History (0 events):
No events

Deoptimization events (0 events):
No events

Internal exceptions (2 events):
Event: 0.029 Thread 0x0000000001bde800 Threw 0x00000007d5e0f668 at C:\re\jdk7u79\2331\hotspot\src\share\vm\prims\jni.cpp:3991
Event: 0.203 Thread 0x0000000001bde800 Threw 0x00000007d5e97fd8 at C:\re\jdk7u79\2331\hotspot\src\share\vm\prims\jvm.cpp:1304

Events (10 events):
Event: 472.043 Executing VM operation: RedefineClasses
Event: 472.043 Executing VM operation: RedefineClasses done
Event: 472.048 Executing VM operation: ChangeBreakpoints
Event: 472.048 Executing VM operation: ChangeBreakpoints done
Event: 472.053 Executing VM operation: ChangeBreakpoints
Event: 472.053 Executing VM operation: ChangeBreakpoints done
Event: 995.580 Executing VM operation: ChangeBreakpoints
Event: 995.581 Executing VM operation: ChangeBreakpoints done
Event: 995.722 Executing VM operation: RedefineClasses
Event: 995.722 Executing VM operation: RedefineClasses done


Dynamic libraries:
0x000000013f2d0000 - 0x000000013f303000 	C:\Program Files\Java\jre7\bin\javaw.exe
0x0000000077b30000 - 0x0000000077cd8000 	C:\Windows\SYSTEM32\ntdll.dll
0x00000000777d0000 - 0x00000000778ef000 	C:\Windows\system32\kernel32.dll
0x000007fefdb60000 - 0x000007fefdbcc000 	C:\Windows\system32\KERNELBASE.dll
0x000007feff830000 - 0x000007feff90b000 	C:\Windows\system32\ADVAPI32.dll
0x000007fefeea0000 - 0x000007fefef3f000 	C:\Windows\system32\msvcrt.dll
0x000007feff2c0000 - 0x000007feff2df000 	C:\Windows\SYSTEM32\sechost.dll
0x000007feff910000 - 0x000007feffa3d000 	C:\Windows\system32\RPCRT4.dll
0x00000000778f0000 - 0x00000000779ea000 	C:\Windows\system32\USER32.dll
0x000007feff740000 - 0x000007feff7a7000 	C:\Windows\system32\GDI32.dll
0x000007feff630000 - 0x000007feff63e000 	C:\Windows\system32\LPK.dll
0x000007feff2e0000 - 0x000007feff3a9000 	C:\Windows\system32\USP10.dll
0x000007fefc090000 - 0x000007fefc284000 	C:\Windows\WinSxS\amd64_microsoft.windows.common-controls_6595b64144ccf1df_6.0.7601.18837_none_fa3b1e3d17594757\COMCTL32.dll
0x000007fefef40000 - 0x000007fefefb1000 	C:\Windows\system32\SHLWAPI.dll
0x000007feffa60000 - 0x000007feffa8e000 	C:\Windows\system32\IMM32.DLL
0x000007feffb20000 - 0x000007feffc29000 	C:\Windows\system32\MSCTF.dll
0x0000000051500000 - 0x00000000515d2000 	C:\Program Files\Java\jre7\bin\msvcr100.dll
0x0000000050d20000 - 0x00000000514f5000 	C:\Program Files\Java\jre7\bin\server\jvm.dll
0x000007fefc070000 - 0x000007fefc079000 	C:\Windows\system32\WSOCK32.dll
0x000007fefdd90000 - 0x000007fefdddd000 	C:\Windows\system32\WS2_32.dll
0x000007fefee90000 - 0x000007fefee98000 	C:\Windows\system32\NSI.dll
0x000007fefdb20000 - 0x000007fefdb5b000 	C:\Windows\system32\WINMM.dll
0x0000000077d00000 - 0x0000000077d07000 	C:\Windows\system32\PSAPI.DLL
0x000000005bec0000 - 0x000000005becf000 	C:\Program Files\Java\jre7\bin\verify.dll
0x0000000055d20000 - 0x0000000055d48000 	C:\Program Files\Java\jre7\bin\java.dll
0x000000006b280000 - 0x000000006b2b5000 	C:\Program Files\Java\jre7\bin\jdwp.dll
0x000000006b330000 - 0x000000006b338000 	C:\Program Files\Java\jre7\bin\npt.dll
0x00000000573d0000 - 0x00000000573e5000 	C:\Program Files\Java\jre7\bin\zip.dll
0x000000006b320000 - 0x000000006b329000 	C:\Program Files\Java\jre7\bin\dt_socket.dll
0x000007fefb410000 - 0x000007fefb425000 	C:\Windows\system32\NLAapi.dll
0x000007fef9530000 - 0x000007fef9545000 	C:\Windows\system32\napinsp.dll
0x000007fef9510000 - 0x000007fef9529000 	C:\Windows\system32\pnrpnsp.dll
0x000007fefd030000 - 0x000007fefd085000 	C:\Windows\System32\mswsock.dll
0x000007fefceb0000 - 0x000007fefcf0b000 	C:\Windows\system32\DNSAPI.dll
0x000007fef9500000 - 0x000007fef950b000 	C:\Windows\System32\winrnr.dll
0x000007fefb250000 - 0x000007fefb277000 	C:\Windows\system32\IPHLPAPI.DLL
0x000007fefb240000 - 0x000007fefb24b000 	C:\Windows\system32\WINNSI.DLL
0x000007fefa8a0000 - 0x000007fefa8f3000 	C:\Windows\System32\fwpuclnt.dll
0x000007fef8650000 - 0x000007fef8658000 	C:\Windows\system32\rasadhlp.dll
0x000007fefca30000 - 0x000007fefca37000 	C:\Windows\System32\wshtcpip.dll
0x000007fef97b0000 - 0x000007fef98d5000 	C:\Windows\system32\dbghelp.dll

VM Arguments:
jvm_args: -agentlib:jdwp=transport=dt_socket,suspend=y,address=localhost:63741 -Dfile.encoding=UTF-8 
java_command: com.terren.spider.spiderContent
Launcher Type: SUN_STANDARD

Environment Variables:
JAVA_HOME=C:\Program Files\Java\jdk1.7.0_79
PATH=C:\Program Files (x86)\Common Files\NetSarang;C:\Windows\system32;C:\Windows;C:\Windows\System32\Wbem;C:\Windows\System32\WindowsPowerShell\v1.0\;C:\Program Files\Java\jdk1.7.0_79\bin;D:\Program Files\TortoiseSVN\bin;C:\Program Files\MySQL\MySQL Server 5.6\bin
USERNAME=Administrator
OS=Windows_NT
PROCESSOR_IDENTIFIER=Intel64 Family 6 Model 42 Stepping 7, GenuineIntel



---------------  S Y S T E M  ---------------

OS: Windows 7 , 64 bit Build 7601 Service Pack 1

CPU:total 4 (2 cores per cpu, 2 threads per core) family 6 model 42 stepping 7, cmov, cx8, fxsr, mmx, sse, sse2, sse3, ssse3, sse4.1, sse4.2, popcnt, avx, ht, tsc, tscinvbit

Memory: 4k page, physical 8280936k(2616116k free), swap 16560020k(10073508k free)

vm_info: Java HotSpot(TM) 64-Bit Server VM (24.79-b02) for windows-amd64 JRE (1.7.0_79-b15), built on Apr 10 2015 12:36:16 by "java_re" with unknown MS VC++:1600

time: Wed Nov 18 15:25:48 2015
elapsed time: 995 seconds

