#
# A fatal error has been detected by the Java Runtime Environment:
#
#  EXCEPTION_ACCESS_VIOLATION (0xc0000005) at pc=0x0000000050e64a1b, pid=11796, tid=11920
#
# JRE version: Java(TM) SE Runtime Environment (7.0_79-b15) (build 1.7.0_79-b15)
# Java VM: Java HotSpot(TM) 64-Bit Server VM (24.79-b02 mixed mode windows-amd64 compressed oops)
# Problematic frame:
# V  [jvm.dll+0x144a1b]
#
# Failed to write core dump. Minidumps are not enabled by default on client versions of Windows
#
# If you would like to submit a bug report, please visit:
#   http://bugreport.java.com/bugreport/crash.jsp
#

---------------  T H R E A D  ---------------

Current thread (0x000000000c464000):  JavaThread "JDWP Transport Listener: dt_socket" daemon [_thread_in_vm, id=11920, stack(0x000000000cd40000,0x000000000ce40000)]

siginfo: ExceptionCode=0xc0000005, reading address 0x0000003b003b003b

Registers:
RAX=0x000000000ce3f101, RBX=0x000000000c464000, RCX=0x0000003b003b003b, RDX=0x0000000000000000
RSP=0x000000000ce3f0d0, RBP=0x0000003b003b003b, RSI=0x000000000ce3f1e8, RDI=0x0000000002328be0
R8 =0x000000000c464000, R9 =0x0000000000000700, R10=0x2f6c6974752f6176, R11=0x2c4d2c6d0041001b
R12=0x0000000000000000, R13=0x000000000ae25d28, R14=0x0000000000000000, R15=0x0000000000000000
RIP=0x0000000050e64a1b, EFLAGS=0x0000000000010202

Top of Stack: (sp=0x000000000ce3f0d0)
0x000000000ce3f0d0:   000000000c464000 0000000000000002
0x000000000ce3f0e0:   000000000ce3f198 0000000051006a59
0x000000000ce3f0f0:   000000000c464000 0000000051024602
0x000000000ce3f100:   000000000000005b 000000006b298e8d
0x000000000ce3f110:   000000000c6af670 000000006b2a2666
0x000000000ce3f120:   000000000c464000 0000000000000000
0x000000000ce3f130:   0000000000000000 0000000000000000
0x000000000ce3f140:   0000003b003b003b 000000006b2a175d
0x000000000ce3f150:   000000000ce3f1e8 000000000ce3f1c0
0x000000000ce3f160:   0000000000000001 000000000c6af670
0x000000000ce3f170:   0000003b003b003b 000000006b2853b3
0x000000000ce3f180:   000000000ce3f2b0 0000000000000001
0x000000000ce3f190:   0000000000000001 000000000c6af670
0x000000000ce3f1a0:   000000000000000a 0000000000000000
0x000000000ce3f1b0:   0000000000000000 0000000000000000
0x000000000ce3f1c0:   0000000000000001 000000006b285571 

Instructions: (pc=0x0000000050e64a1b)
0x0000000050e649fb:   48 8b 5c 24 30 48 89 47 18 48 83 c4 20 5f c3 cc
0x0000000050e64a0b:   cc cc cc cc cc 40 53 48 83 ec 20 48 85 c9 74 54
0x0000000050e64a1b:   48 8b 19 48 85 db 74 4c 48 b8 fe fe fe fe fe fe
0x0000000050e64a2b:   fe fe 48 3b d8 74 3d 80 3d 8f 26 61 00 00 74 15 


Register to memory mapping:

RAX=0x000000000ce3f101 is pointing into the stack for thread: 0x000000000c464000
RBX=0x000000000c464000 is a thread
RCX=0x0000003b003b003b is an unknown value
RDX=0x0000000000000000 is an unknown value
RSP=0x000000000ce3f0d0 is pointing into the stack for thread: 0x000000000c464000
RBP=0x0000003b003b003b is an unknown value
RSI=0x000000000ce3f1e8 is pointing into the stack for thread: 0x000000000c464000
RDI=0x0000000002328be0 is an unknown value
R8 =0x000000000c464000 is a thread
R9 =0x0000000000000700 is an unknown value
R10=0x2f6c6974752f6176 is an unknown value
R11=0x2c4d2c6d0041001b is an unknown value
R12=0x0000000000000000 is an unknown value
R13=0x000000000ae25d28 is an unknown value
R14=0x0000000000000000 is an unknown value
R15=0x0000000000000000 is an unknown value


Stack: [0x000000000cd40000,0x000000000ce40000],  sp=0x000000000ce3f0d0,  free space=1020k
Native frames: (J=compiled Java code, j=interpreted, Vv=VM code, C=native code)
V  [jvm.dll+0x144a1b]


---------------  P R O C E S S  ---------------

Java Threads: ( => current thread )
  0x000000000232e800 JavaThread "DestroyJavaVM" [_thread_blocked, id=11888, stack(0x00000000026e0000,0x00000000027e0000)]
  0x000000000c691800 JavaThread "Thread-5" [_thread_blocked, id=12860, stack(0x000000000d1d0000,0x000000000d2d0000)]
  0x000000000d98a800 JavaThread "Thread-4" [_thread_blocked, id=12864, stack(0x000000000e6f0000,0x000000000e7f0000)]
  0x000000000c690000 JavaThread "Thread-2" [_thread_blocked, id=12868, stack(0x000000000e5e0000,0x000000000e6e0000)]
  0x000000000da71000 JavaThread "Thread-1" [_thread_blocked, id=12852, stack(0x000000000e3f0000,0x000000000e4f0000)]
  0x000000000c58c000 JavaThread "MySQL Statement Cancellation Timer" daemon [_thread_blocked, id=12228, stack(0x000000000d880000,0x000000000d980000)]
  0x000000000c491800 JavaThread "Service Thread" daemon [_thread_blocked, id=11676, stack(0x000000000d490000,0x000000000d590000)]
  0x000000000c481800 JavaThread "C2 CompilerThread1" daemon [_thread_blocked, id=18028, stack(0x000000000d2e0000,0x000000000d3e0000)]
  0x000000000c480000 JavaThread "C2 CompilerThread0" daemon [_thread_blocked, id=8728, stack(0x000000000d0d0000,0x000000000d1d0000)]
  0x000000000c470800 JavaThread "JDWP Command Reader" daemon [_thread_in_native, id=11932, stack(0x000000000cf00000,0x000000000d000000)]
  0x000000000c46d800 JavaThread "JDWP Event Helper Thread" daemon [_thread_blocked, id=11892, stack(0x000000000cb30000,0x000000000cc30000)]
=>0x000000000c464000 JavaThread "JDWP Transport Listener: dt_socket" daemon [_thread_in_vm, id=11920, stack(0x000000000cd40000,0x000000000ce40000)]
  0x000000000ae29800 JavaThread "Attach Listener" daemon [_thread_blocked, id=11904, stack(0x000000000c360000,0x000000000c460000)]
  0x000000000ae24000 JavaThread "Signal Dispatcher" daemon [_thread_blocked, id=11900, stack(0x000000000c1c0000,0x000000000c2c0000)]
  0x000000000adb7000 JavaThread "Finalizer" daemon [_thread_blocked, id=8644, stack(0x000000000c0c0000,0x000000000c1c0000)]
  0x000000000adaf800 JavaThread "Reference Handler" daemon [_thread_blocked, id=9168, stack(0x000000000bd10000,0x000000000be10000)]

Other Threads:
  0x000000000adaa000 VMThread [stack: 0x000000000be80000,0x000000000bf80000] [id=11860]
  0x000000000c49f800 WatcherThread [stack: 0x000000000d690000,0x000000000d790000] [id=11956]

VM state:not at safepoint (normal execution)

VM Mutex/Monitor currently owned by a thread: None

Heap
 PSYoungGen      total 38400K, used 18144K [0x00000007d5e00000, 0x00000007d8880000, 0x0000000800000000)
  eden space 33280K, 54% used [0x00000007d5e00000,0x00000007d6fb81f0,0x00000007d7e80000)
  from space 5120K, 0% used [0x00000007d8380000,0x00000007d8380000,0x00000007d8880000)
  to   space 5120K, 0% used [0x00000007d7e80000,0x00000007d7e80000,0x00000007d8380000)
 ParOldGen       total 86016K, used 0K [0x0000000781a00000, 0x0000000786e00000, 0x00000007d5e00000)
  object space 86016K, 0% used [0x0000000781a00000,0x0000000781a00000,0x0000000786e00000)
 PSPermGen       total 21504K, used 6747K [0x000000077c800000, 0x000000077dd00000, 0x0000000781a00000)
  object space 21504K, 31% used [0x000000077c800000,0x000000077ce96dd0,0x000000077dd00000)

Card table byte_map: [0x00000000057e0000,0x0000000005c00000] byte_map_base: 0x0000000001bfc000

Polling page: 0x0000000000220000

Code Cache  [0x00000000027e0000, 0x0000000002a50000, 0x00000000057e0000)
 total_blobs=339 nmethods=62 adapters=237 free_code_cache=48562Kb largest_free_block=49696896

Compilation events (10 events):
Event: 32.180 Thread 0x000000000c481800 nmethod 49 0x0000000002871650 code [0x0000000002871880, 0x0000000002872cb0]
Event: 32.180 Thread 0x000000000c480000 nmethod 58 0x0000000002868350 code [0x00000000028684a0, 0x0000000002868558]
Event: 32.209 Thread 0x000000000c480000   59             java.util.ArrayList::rangeCheck (22 bytes)
Event: 32.209 Thread 0x000000000c481800   60             java.util.ArrayList::elementData (7 bytes)
Event: 32.209 Thread 0x000000000c480000 nmethod 59 0x0000000002871410 code [0x0000000002871540, 0x00000000028715b8]
Event: 32.209 Thread 0x000000000c480000   61             java.util.ArrayList::get (11 bytes)
Event: 32.210 Thread 0x000000000c481800 nmethod 60 0x0000000002871150 code [0x0000000002871280, 0x0000000002871358]
Event: 32.210 Thread 0x000000000c480000 nmethod 61 0x0000000002870dd0 code [0x0000000002870f20, 0x0000000002871018]
Event: 32.221 Thread 0x000000000c481800   62             sun.net.www.ParseUtil::encodePath (336 bytes)
Event: 32.249 Thread 0x000000000c481800 nmethod 62 0x0000000002878e10 code [0x0000000002879060, 0x000000000287a3b8]

GC Heap History (0 events):
No events

Deoptimization events (4 events):
Event: 32.185 Thread 0x000000000232e800 Uncommon trap: reason=unreached action=reinterpret pc=0x0000000002863c50 method=java.util.HashMap.getEntry(Ljava/lang/Object;)Ljava/util/HashMap$Entry; @ 58
Event: 32.186 Thread 0x000000000232e800 Uncommon trap: reason=unreached action=reinterpret pc=0x000000000285b444 method=java.util.HashMap.getEntry(Ljava/lang/Object;)Ljava/util/HashMap$Entry; @ 39
Event: 32.201 Thread 0x000000000c691000 Uncommon trap: reason=unreached action=reinterpret pc=0x000000000286d004 method=java.util.HashMap.get(Ljava/lang/Object;)Ljava/lang/Object; @ 17
Event: 32.201 Thread 0x000000000c690000 Uncommon trap: reason=unreached action=reinterpret pc=0x000000000286d004 method=java.util.HashMap.get(Ljava/lang/Object;)Ljava/lang/Object; @ 17

Internal exceptions (10 events):
Event: 32.238 Thread 0x000000000c690000 Threw 0x00000007d6f254c0 at C:\re\jdk7u79\2331\hotspot\src\share\vm\prims\jvm.cpp:1304
Event: 32.239 Thread 0x000000000c690000 Threw 0x00000007d6f29760 at C:\re\jdk7u79\2331\hotspot\src\share\vm\prims\jvm.cpp:1304
Event: 32.240 Thread 0x000000000c690000 Threw 0x00000007d6f2efd8 at C:\re\jdk7u79\2331\hotspot\src\share\vm\prims\jvm.cpp:1304
Event: 32.242 Thread 0x000000000c690000 Threw 0x00000007d6f31628 at C:\re\jdk7u79\2331\hotspot\src\share\vm\prims\jvm.cpp:1304
Event: 32.244 Thread 0x000000000c690000 Threw 0x00000007d6f37c88 at C:\re\jdk7u79\2331\hotspot\src\share\vm\prims\jvm.cpp:1304
Event: 32.245 Thread 0x000000000c690000 Threw 0x00000007d6f3ae40 at C:\re\jdk7u79\2331\hotspot\src\share\vm\prims\jvm.cpp:1304
Event: 32.246 Thread 0x000000000c690000 Threw 0x00000007d6f3d648 at C:\re\jdk7u79\2331\hotspot\src\share\vm\prims\jvm.cpp:1304
Event: 32.248 Thread 0x000000000c690000 Threw 0x00000007d6f4e7f8 at C:\re\jdk7u79\2331\hotspot\src\share\vm\prims\jvm.cpp:1304
Event: 32.249 Thread 0x000000000c690000 Threw 0x00000007d6f51040 at C:\re\jdk7u79\2331\hotspot\src\share\vm\prims\jvm.cpp:1304
Event: 32.253 Thread 0x000000000c690000 Threw 0x00000007d6f54c38 at C:\re\jdk7u79\2331\hotspot\src\share\vm\prims\jvm.cpp:1304

Events (10 events):
Event: 1037.020 Executing VM operation: EnterInterpOnlyMode
Event: 1037.020 Executing VM operation: EnterInterpOnlyMode done
Event: 1037.020 Executing VM operation: ChangeSingleStep
Event: 1037.020 Executing VM operation: ChangeSingleStep done
Event: 1037.020 Executing VM operation: ChangeSingleStep
Event: 1037.020 Executing VM operation: ChangeSingleStep done
Event: 1073.552 Executing VM operation: ChangeBreakpoints
Event: 1073.552 Executing VM operation: ChangeBreakpoints done
Event: 1073.565 Executing VM operation: RedefineClasses
Event: 1073.566 Executing VM operation: RedefineClasses done


Dynamic libraries:
0x000000013f2d0000 - 0x000000013f303000 	C:\Program Files\Java\jre7\bin\javaw.exe
0x0000000077b30000 - 0x0000000077cd8000 	C:\Windows\SYSTEM32\ntdll.dll
0x00000000777d0000 - 0x00000000778ef000 	C:\Windows\system32\kernel32.dll
0x000007fefdb60000 - 0x000007fefdbcc000 	C:\Windows\system32\KERNELBASE.dll
0x000007feff830000 - 0x000007feff90b000 	C:\Windows\system32\ADVAPI32.dll
0x000007fefeea0000 - 0x000007fefef3f000 	C:\Windows\system32\msvcrt.dll
0x000007feff2c0000 - 0x000007feff2df000 	C:\Windows\SYSTEM32\sechost.dll
0x000007feff910000 - 0x000007feffa3d000 	C:\Windows\system32\RPCRT4.dll
0x00000000778f0000 - 0x00000000779ea000 	C:\Windows\system32\USER32.dll
0x000007feff740000 - 0x000007feff7a7000 	C:\Windows\system32\GDI32.dll
0x000007feff630000 - 0x000007feff63e000 	C:\Windows\system32\LPK.dll
0x000007feff2e0000 - 0x000007feff3a9000 	C:\Windows\system32\USP10.dll
0x000007fefc090000 - 0x000007fefc284000 	C:\Windows\WinSxS\amd64_microsoft.windows.common-controls_6595b64144ccf1df_6.0.7601.18837_none_fa3b1e3d17594757\COMCTL32.dll
0x000007fefef40000 - 0x000007fefefb1000 	C:\Windows\system32\SHLWAPI.dll
0x000007feffa60000 - 0x000007feffa8e000 	C:\Windows\system32\IMM32.DLL
0x000007feffb20000 - 0x000007feffc29000 	C:\Windows\system32\MSCTF.dll
0x0000000051500000 - 0x00000000515d2000 	C:\Program Files\Java\jre7\bin\msvcr100.dll
0x0000000050d20000 - 0x00000000514f5000 	C:\Program Files\Java\jre7\bin\server\jvm.dll
0x000007fefc070000 - 0x000007fefc079000 	C:\Windows\system32\WSOCK32.dll
0x000007fefdd90000 - 0x000007fefdddd000 	C:\Windows\system32\WS2_32.dll
0x000007fefee90000 - 0x000007fefee98000 	C:\Windows\system32\NSI.dll
0x000007fefdb20000 - 0x000007fefdb5b000 	C:\Windows\system32\WINMM.dll
0x0000000077d00000 - 0x0000000077d07000 	C:\Windows\system32\PSAPI.DLL
0x000000005bec0000 - 0x000000005becf000 	C:\Program Files\Java\jre7\bin\verify.dll
0x0000000055d20000 - 0x0000000055d48000 	C:\Program Files\Java\jre7\bin\java.dll
0x000000006b280000 - 0x000000006b2b5000 	C:\Program Files\Java\jre7\bin\jdwp.dll
0x000000006b330000 - 0x000000006b338000 	C:\Program Files\Java\jre7\bin\npt.dll
0x00000000573d0000 - 0x00000000573e5000 	C:\Program Files\Java\jre7\bin\zip.dll
0x000000006b320000 - 0x000000006b329000 	C:\Program Files\Java\jre7\bin\dt_socket.dll
0x000007fefb410000 - 0x000007fefb425000 	C:\Windows\system32\NLAapi.dll
0x000007fef9530000 - 0x000007fef9545000 	C:\Windows\system32\napinsp.dll
0x000007fef9510000 - 0x000007fef9529000 	C:\Windows\system32\pnrpnsp.dll
0x000007fefd030000 - 0x000007fefd085000 	C:\Windows\System32\mswsock.dll
0x000007fefceb0000 - 0x000007fefcf0b000 	C:\Windows\system32\DNSAPI.dll
0x000007fef9500000 - 0x000007fef950b000 	C:\Windows\System32\winrnr.dll
0x000007fefb250000 - 0x000007fefb277000 	C:\Windows\system32\IPHLPAPI.DLL
0x000007fefb240000 - 0x000007fefb24b000 	C:\Windows\system32\WINNSI.DLL
0x000007fefa8a0000 - 0x000007fefa8f3000 	C:\Windows\System32\fwpuclnt.dll
0x000007fef8650000 - 0x000007fef8658000 	C:\Windows\system32\rasadhlp.dll
0x000007fefca30000 - 0x000007fefca37000 	C:\Windows\System32\wshtcpip.dll
0x0000000058d00000 - 0x0000000058d1a000 	C:\Program Files\Java\jre7\bin\net.dll
0x000007fefd020000 - 0x000007fefd027000 	C:\Windows\System32\wship6.dll
0x0000000055d60000 - 0x0000000055d71000 	C:\Program Files\Java\jre7\bin\nio.dll
0x000007fef97b0000 - 0x000007fef98d5000 	C:\Windows\system32\dbghelp.dll

VM Arguments:
jvm_args: -agentlib:jdwp=transport=dt_socket,suspend=y,address=localhost:63728 -Dfile.encoding=UTF-8 
java_command: com.terren.spider.spiderContent
Launcher Type: SUN_STANDARD

Environment Variables:
JAVA_HOME=C:\Program Files\Java\jdk1.7.0_79
PATH=C:\Program Files (x86)\Common Files\NetSarang;C:\Windows\system32;C:\Windows;C:\Windows\System32\Wbem;C:\Windows\System32\WindowsPowerShell\v1.0\;C:\Program Files\Java\jdk1.7.0_79\bin;D:\Program Files\TortoiseSVN\bin;C:\Program Files\MySQL\MySQL Server 5.6\bin
USERNAME=Administrator
OS=Windows_NT
PROCESSOR_IDENTIFIER=Intel64 Family 6 Model 42 Stepping 7, GenuineIntel



---------------  S Y S T E M  ---------------

OS: Windows 7 , 64 bit Build 7601 Service Pack 1

CPU:total 4 (2 cores per cpu, 2 threads per core) family 6 model 42 stepping 7, cmov, cx8, fxsr, mmx, sse, sse2, sse3, ssse3, sse4.1, sse4.2, popcnt, avx, ht, tsc, tscinvbit

Memory: 4k page, physical 8280936k(2586184k free), swap 16560020k(9813668k free)

vm_info: Java HotSpot(TM) 64-Bit Server VM (24.79-b02) for windows-amd64 JRE (1.7.0_79-b15), built on Apr 10 2015 12:36:16 by "java_re" with unknown MS VC++:1600

time: Wed Nov 18 15:25:48 2015
elapsed time: 1073 seconds

